<<<<<<< HEAD
[1013/094921.388:ERROR:directory_reader_win.cc(43)] FindFirstFile: The system cannot find the path specified. (0x3)
[1013/174948.808:ERROR:directory_reader_win.cc(43)] FindFirstFile: The system cannot find the path specified. (0x3)
[1014/155934.335:ERROR:directory_reader_win.cc(43)] FindFirstFile: The system cannot find the path specified. (0x3)
[1014/231259.297:ERROR:directory_reader_win.cc(43)] FindFirstFile: The system cannot find the path specified. (0x3)
[1015/081000.355:ERROR:directory_reader_win.cc(43)] FindFirstFile: The system cannot find the path specified. (0x3)
[1015/231100.692:ERROR:directory_reader_win.cc(43)] FindFirstFile: The system cannot find the path specified. (0x3)
[1016/125322.439:ERROR:directory_reader_win.cc(43)] FindFirstFile: The system cannot find the path specified. (0x3)
[1016/150023.383:ERROR:directory_reader_win.cc(43)] FindFirstFile: The system cannot find the path specified. (0x3)
[1017/081453.760:ERROR:directory_reader_win.cc(43)] FindFirstFile: The system cannot find the path specified. (0x3)
[1018/095039.634:ERROR:directory_reader_win.cc(43)] FindFirstFile: The system cannot find the path specified. (0x3)
[1019/104102.122:ERROR:directory_reader_win.cc(43)] FindFirstFile: The system cannot find the path specified. (0x3)
[1019/224739.694:ERROR:directory_reader_win.cc(43)] FindFirstFile: The system cannot find the path specified. (0x3)
[1020/103233.088:ERROR:directory_reader_win.cc(43)] FindFirstFile: The system cannot find the path specified. (0x3)
[1020/204958.698:ERROR:directory_reader_win.cc(43)] FindFirstFile: The system cannot find the path specified. (0x3)
[1021/154923.536:ERROR:directory_reader_win.cc(43)] FindFirstFile: The system cannot find the path specified. (0x3)
[1022/081114.572:ERROR:directory_reader_win.cc(43)] FindFirstFile: The system cannot find the path specified. (0x3)
[1023/122141.620:ERROR:directory_reader_win.cc(43)] FindFirstFile: The system cannot find the path specified. (0x3)
[1023/160725.686:ERROR:directory_reader_win.cc(43)] FindFirstFile: The system cannot find the path specified. (0x3)
[1023/184130.354:ERROR:directory_reader_win.cc(43)] FindFirstFile: The system cannot find the path specified. (0x3)
[1026/090133.475:ERROR:directory_reader_win.cc(43)] FindFirstFile: The system cannot find the path specified. (0x3)
[1026/225314.562:ERROR:directory_reader_win.cc(43)] FindFirstFile: The system cannot find the path specified. (0x3)
[1028/223145.849:ERROR:directory_reader_win.cc(43)] FindFirstFile: The system cannot find the path specified. (0x3)
[1029/160551.795:ERROR:directory_reader_win.cc(43)] FindFirstFile: The system cannot find the path specified. (0x3)
[1030/082926.156:ERROR:directory_reader_win.cc(43)] FindFirstFile: The system cannot find the path specified. (0x3)
[1030/165545.667:ERROR:directory_reader_win.cc(43)] FindFirstFile: The system cannot find the path specified. (0x3)
[1103/181348.572:ERROR:directory_reader_win.cc(43)] FindFirstFile: The system cannot find the path specified. (0x3)
[1105/161808.975:ERROR:directory_reader_win.cc(43)] FindFirstFile: The system cannot find the path specified. (0x3)
[1106/072801.460:ERROR:directory_reader_win.cc(43)] FindFirstFile: The system cannot find the path specified. (0x3)
[1106/133806.234:ERROR:process_reader_win.cc(151)] SuspendThread: Access is denied. (0x5)
[1106/133806.235:ERROR:process_reader_win.cc(151)] SuspendThread: Access is denied. (0x5)
[1106/133806.235:ERROR:process_reader_win.cc(123)] NtOpenThread: {Access Denied} A process has requested access to an object, but has not been granted those access rights. (0xc0000022)
[1106/133806.238:ERROR:exception_snapshot_win.cc(99)] thread ID 18152 not found in process
[1106/133806.250:ERROR:process_reader_win.cc(151)] SuspendThread: Access is denied. (0x5)
[1106/133806.251:ERROR:process_reader_win.cc(151)] SuspendThread: Access is denied. (0x5)
[1106/133806.251:ERROR:process_reader_win.cc(123)] NtOpenThread: {Access Denied} A process has requested access to an object, but has not been granted those access rights. (0xc0000022)
[1106/133806.251:ERROR:exception_snapshot_win.cc(99)] thread ID 16412 not found in process
[1106/133806.251:ERROR:process_reader_win.cc(151)] SuspendThread: Access is denied. (0x5)
[1106/133806.268:ERROR:process_reader_win.cc(151)] SuspendThread: Access is denied. (0x5)
[1106/133806.268:ERROR:process_reader_win.cc(123)] NtOpenThread: {Access Denied} A process has requested access to an object, but has not been granted those access rights. (0xc0000022)
[1106/133806.270:ERROR:exception_snapshot_win.cc(99)] thread ID 17048 not found in process
[1106/133806.279:ERROR:process_reader_win.cc(151)] SuspendThread: Access is denied. (0x5)
[1106/133806.279:ERROR:process_reader_win.cc(151)] SuspendThread: Access is denied. (0x5)
[1106/133806.279:ERROR:process_reader_win.cc(151)] SuspendThread: Access is denied. (0x5)
[1106/133806.279:ERROR:process_reader_win.cc(151)] SuspendThread: Access is denied. (0x5)
[1106/133806.279:ERROR:process_reader_win.cc(151)] SuspendThread: Access is denied. (0x5)
[1106/133806.279:ERROR:process_reader_win.cc(151)] SuspendThread: Access is denied. (0x5)
[1106/133806.279:ERROR:process_reader_win.cc(151)] SuspendThread: Access is denied. (0x5)
[1106/133806.279:ERROR:process_reader_win.cc(151)] SuspendThread: Access is denied. (0x5)
[1106/133806.279:ERROR:process_reader_win.cc(151)] SuspendThread: Access is denied. (0x5)
[1106/133806.279:ERROR:process_reader_win.cc(151)] SuspendThread: Access is denied. (0x5)
[1106/133806.279:ERROR:process_reader_win.cc(151)] SuspendThread: Access is denied. (0x5)
[1106/133806.279:ERROR:process_reader_win.cc(151)] SuspendThread: Access is denied. (0x5)
[1106/133806.279:ERROR:process_reader_win.cc(151)] SuspendThread: Access is denied. (0x5)
[1106/133806.279:ERROR:process_reader_win.cc(123)] NtOpenThread: {Access Denied} A process has requested access to an object, but has not been granted those access rights. (0xc0000022)
[1106/133806.280:ERROR:exception_snapshot_win.cc(99)] thread ID 10064 not found in process
[1106/133806.283:ERROR:process_reader_win.cc(151)] SuspendThread: Access is denied. (0x5)
[1106/133806.283:ERROR:process_reader_win.cc(151)] SuspendThread: Access is denied. (0x5)
[1106/133806.283:ERROR:process_reader_win.cc(151)] SuspendThread: Access is denied. (0x5)
[1106/133806.283:ERROR:process_reader_win.cc(151)] SuspendThread: Access is denied. (0x5)
[1106/133806.283:ERROR:process_reader_win.cc(151)] SuspendThread: Access is denied. (0x5)
[1106/133806.283:ERROR:process_reader_win.cc(151)] SuspendThread: Access is denied. (0x5)
[1106/133806.283:ERROR:process_reader_win.cc(151)] SuspendThread: Access is denied. (0x5)
[1106/133806.283:ERROR:process_reader_win.cc(151)] SuspendThread: Access is denied. (0x5)
[1106/133806.283:ERROR:process_reader_win.cc(151)] SuspendThread: Access is denied. (0x5)
[1106/133806.283:ERROR:process_reader_win.cc(151)] SuspendThread: Access is denied. (0x5)
[1106/133806.283:ERROR:process_reader_win.cc(151)] SuspendThread: Access is denied. (0x5)
[1106/133806.283:ERROR:process_reader_win.cc(151)] SuspendThread: Access is denied. (0x5)
[1106/133806.283:ERROR:process_reader_win.cc(151)] SuspendThread: Access is denied. (0x5)
[1106/133806.283:ERROR:process_reader_win.cc(151)] SuspendThread: Access is denied. (0x5)
[1106/133806.283:ERROR:process_reader_win.cc(151)] SuspendThread: Access is denied. (0x5)
[1106/133806.283:ERROR:process_reader_win.cc(151)] SuspendThread: Access is denied. (0x5)
[1106/133806.284:ERROR:process_reader_win.cc(151)] SuspendThread: Access is denied. (0x5)
[1106/133806.284:ERROR:process_reader_win.cc(123)] NtOpenThread: {Access Denied} A process has requested access to an object, but has not been granted those access rights. (0xc0000022)
[1106/133806.284:ERROR:exception_snapshot_win.cc(99)] thread ID 15068 not found in process
[1106/133806.307:ERROR:process_reader_win.cc(151)] SuspendThread: Access is denied. (0x5)
[1106/133806.307:ERROR:process_reader_win.cc(151)] SuspendThread: Access is denied. (0x5)
[1106/133806.307:ERROR:process_reader_win.cc(151)] SuspendThread: Access is denied. (0x5)
[1106/133806.307:ERROR:process_reader_win.cc(151)] SuspendThread: Access is denied. (0x5)
[1106/133806.308:ERROR:process_reader_win.cc(151)] SuspendThread: Access is denied. (0x5)
[1106/133806.308:ERROR:process_reader_win.cc(151)] SuspendThread: Access is denied. (0x5)
[1106/133806.308:ERROR:process_reader_win.cc(151)] SuspendThread: Access is denied. (0x5)
[1106/133806.308:ERROR:process_reader_win.cc(151)] SuspendThread: Access is denied. (0x5)
[1106/133806.308:ERROR:process_reader_win.cc(151)] SuspendThread: Access is denied. (0x5)
[1106/133806.308:ERROR:process_reader_win.cc(151)] SuspendThread: Access is denied. (0x5)
[1106/133806.308:ERROR:process_reader_win.cc(151)] SuspendThread: Access is denied. (0x5)
[1106/133806.308:ERROR:process_reader_win.cc(151)] SuspendThread: Access is denied. (0x5)
[1106/133806.308:ERROR:process_reader_win.cc(151)] SuspendThread: Access is denied. (0x5)
[1106/133806.308:ERROR:process_reader_win.cc(123)] NtOpenThread: {Access Denied} A process has requested access to an object, but has not been granted those access rights. (0xc0000022)
[1106/133806.308:ERROR:exception_snapshot_win.cc(99)] thread ID 2124 not found in process
[1106/153026.822:ERROR:directory_reader_win.cc(43)] FindFirstFile: The system cannot find the path specified. (0x3)
[1113/094314.886:ERROR:directory_reader_win.cc(43)] FindFirstFile: The system cannot find the path specified. (0x3)
[1114/101813.311:ERROR:directory_reader_win.cc(43)] FindFirstFile: The system cannot find the path specified. (0x3)
[1126/184214.025:ERROR:directory_reader_win.cc(43)] FindFirstFile: The system cannot find the path specified. (0x3)
[1202/120800.552:ERROR:directory_reader_win.cc(43)] FindFirstFile: The system cannot find the path specified. (0x3)
=======
[1102/160158.176:ERROR:directory_reader_win.cc(43)] FindFirstFile: The system cannot find the path specified. (0x3)
>>>>>>> dev_tuong
[1211/155126.586:ERROR:directory_reader_win.cc(43)] FindFirstFile: The system cannot find the path specified. (0x3)
[1212/145355.288:ERROR:directory_reader_win.cc(43)] FindFirstFile: The system cannot find the path specified. (0x3)
